<?xml version="1.0" encoding="UTF-8"?>
<testng-results ignored="0" total="1" passed="1" failed="0" skipped="0">
  <reporter-output>
  </reporter-output>
  <suite started-at="2024-10-08T08:09:43 IST" name="Suite" finished-at="2024-10-08T08:09:59 IST" duration-ms="15745">
    <groups>
    </groups>
    <test started-at="2024-10-08T08:09:43 IST" name="Test" finished-at="2024-10-08T08:09:59 IST" duration-ms="15745">
      <class name="Maven_Testng_Project.LoginPage">
        <test-method signature="f()[pri:0, instance:Maven_Testng_Project.LoginPage@479d31f3]" started-at="2024-10-08T08:09:43 IST" name="f" finished-at="2024-10-08T08:09:59 IST" duration-ms="15650" status="PASS">
          <reporter-output>
          </reporter-output>
        </test-method> <!-- f -->
      </class> <!-- Maven_Testng_Project.LoginPage -->
    </test> <!-- Test -->
  </suite> <!-- Suite -->
</testng-results>
